<?xml version="1.0" encoding="UTF-8"?>
<testsuite name="ScrabbleTest" tests="2" skipped="0" failures="0" errors="0" timestamp="2016-04-19T21:03:57" hostname="epicodus-59.local" time="0.002">
  <properties/>
  <testcase name="calculateScore_returnsScoreForSingleLetter_1To10" classname="ScrabbleTest" time="0.002"/>
  <testcase name="calculateScore_returnsScoreForWordCat_5" classname="ScrabbleTest" time="0.0"/>
  <system-out><![CDATA[a
d
b
f
k
j
q
c
a
t
]]></system-out>
  <system-err><![CDATA[]]></system-err>
</testsuite>
